<?xml version="1.0" encoding="UTF-8"?>
<robot generator="Robot 5.0.1 (Python 3.8.10 on win32)" generated="20220906 21:39:11.589" rpa="false" schemaversion="3">
<suite id="s1" name="Robotframework" source="C:\Users\Саша\Documents\GitHub\_robotframework">
<suite id="s1-s1" name="Test Login Rf" source="C:\Users\Саша\Documents\GitHub\_robotframework\test_login_rf.robot">
<test id="s1-s1-t1" name="Add player with requierd fields" line="57">
<kw name="Open Login page">
<kw name="Open Browser" library="SeleniumLibrary">
<arg>${LOGIN URL}</arg>
<arg>${BROWSER}</arg>
<doc>Opens a new browser instance to the optional ``url``.</doc>
<msg timestamp="20220906 21:39:11.876" level="INFO">Opening browser 'Chrome' to base url 'https://scouts-test.futbolkolektyw.pl/en'.</msg>
<status status="PASS" starttime="20220906 21:39:11.875" endtime="20220906 21:39:16.541"/>
</kw>
<status status="PASS" starttime="20220906 21:39:11.875" endtime="20220906 21:39:16.541"/>
</kw>
<kw name="Type in email">
<kw name="Input Text" library="SeleniumLibrary">
<arg>${EMAILINPUT}</arg>
<arg>user01@getnada.com</arg>
<doc>Types the given ``text`` into the text field identified by ``locator``.</doc>
<msg timestamp="20220906 21:39:16.542" level="INFO">Typing text 'user01@getnada.com' into text field 'xpath=//*[@id='login']'.</msg>
<status status="PASS" starttime="20220906 21:39:16.542" endtime="20220906 21:39:16.805"/>
</kw>
<status status="PASS" starttime="20220906 21:39:16.541" endtime="20220906 21:39:16.806"/>
</kw>
<kw name="Type in password">
<kw name="Input Text" library="SeleniumLibrary">
<arg>${PASSWORDINPUT}</arg>
<arg>Test-1234</arg>
<doc>Types the given ``text`` into the text field identified by ``locator``.</doc>
<msg timestamp="20220906 21:39:16.807" level="INFO">Typing text 'Test-1234' into text field 'xpath=//input[@type='password']'.</msg>
<status status="PASS" starttime="20220906 21:39:16.806" endtime="20220906 21:39:16.961"/>
</kw>
<status status="PASS" starttime="20220906 21:39:16.806" endtime="20220906 21:39:16.962"/>
</kw>
<kw name="Click on the Submit button">
<kw name="Click Element" library="SeleniumLibrary">
<arg>xpath=//*[text()='Sign in']</arg>
<doc>Click the element identified by ``locator``.</doc>
<msg timestamp="20220906 21:39:16.964" level="INFO">Clicking element 'xpath=//*[text()='Sign in']'.</msg>
<status status="PASS" starttime="20220906 21:39:16.963" endtime="20220906 21:39:17.027"/>
</kw>
<status status="PASS" starttime="20220906 21:39:16.962" endtime="20220906 21:39:17.027"/>
</kw>
<kw name="Click on the link add player">
<kw name="Wait Until Element Is Visible" library="SeleniumLibrary">
<arg>${LINKADDPLAYER}</arg>
<doc>Waits until the element ``locator`` is visible.</doc>
<status status="PASS" starttime="20220906 21:39:17.028" endtime="20220906 21:39:18.008"/>
</kw>
<kw name="Click Element" library="SeleniumLibrary">
<arg>xpath=//*[text()="Add player"]</arg>
<doc>Click the element identified by ``locator``.</doc>
<msg timestamp="20220906 21:39:18.009" level="INFO">Clicking element 'xpath=//*[text()="Add player"]'.</msg>
<status status="PASS" starttime="20220906 21:39:18.008" endtime="20220906 21:39:18.083"/>
</kw>
<status status="PASS" starttime="20220906 21:39:17.028" endtime="20220906 21:39:18.084"/>
</kw>
<kw name="Wait Until Element Is Visible" library="SeleniumLibrary">
<arg>${ADDPLAYERTITLE}</arg>
<doc>Waits until the element ``locator`` is visible.</doc>
<status status="PASS" starttime="20220906 21:39:18.084" endtime="20220906 21:39:18.275"/>
</kw>
<kw name="Type in required fields">
<kw name="Input Text" library="SeleniumLibrary">
<arg>${PLAYERNAME}</arg>
<arg>Vasilii</arg>
<doc>Types the given ``text`` into the text field identified by ``locator``.</doc>
<msg timestamp="20220906 21:39:18.278" level="INFO">Typing text 'Vasilii' into text field 'xpath=//input[@name="name"]'.</msg>
<status status="PASS" starttime="20220906 21:39:18.277" endtime="20220906 21:39:18.481"/>
</kw>
<kw name="Input Text" library="SeleniumLibrary">
<arg>${PLAYERSURNAME}</arg>
<arg>Pupkin</arg>
<doc>Types the given ``text`` into the text field identified by ``locator``.</doc>
<msg timestamp="20220906 21:39:18.482" level="INFO">Typing text 'Pupkin' into text field 'xpath=//input[@name="surname"]'.</msg>
<status status="PASS" starttime="20220906 21:39:18.481" endtime="20220906 21:39:18.632"/>
</kw>
<kw name="Input Text" library="SeleniumLibrary">
<arg>${PLAYERAGE}</arg>
<arg>0808-19-80</arg>
<doc>Types the given ``text`` into the text field identified by ``locator``.</doc>
<msg timestamp="20220906 21:39:18.633" level="INFO">Typing text '0808-19-80' into text field 'xpath=//input[@name="age"]'.</msg>
<status status="PASS" starttime="20220906 21:39:18.633" endtime="20220906 21:39:18.754"/>
</kw>
<kw name="Input Text" library="SeleniumLibrary">
<arg>${PLAYERNAMEPOSITION}</arg>
<arg>Forward</arg>
<doc>Types the given ``text`` into the text field identified by ``locator``.</doc>
<msg timestamp="20220906 21:39:18.755" level="INFO">Typing text 'Forward' into text field 'xpath=//input[@name="mainPosition"]'.</msg>
<status status="PASS" starttime="20220906 21:39:18.754" endtime="20220906 21:39:18.895"/>
</kw>
<status status="PASS" starttime="20220906 21:39:18.276" endtime="20220906 21:39:18.895"/>
</kw>
<kw name="Click on the submit button to add player">
<kw name="Click Element" library="SeleniumLibrary">
<arg>${BUTTONSUBMIT}</arg>
<doc>Click the element identified by ``locator``.</doc>
<msg timestamp="20220906 21:39:18.897" level="INFO">Clicking element 'xpath=//*[text()="Submit"]'.</msg>
<status status="PASS" starttime="20220906 21:39:18.896" endtime="20220906 21:39:19.001"/>
</kw>
<status status="PASS" starttime="20220906 21:39:18.896" endtime="20220906 21:39:19.001"/>
</kw>
<kw name="Sleep" library="BuiltIn">
<arg>5</arg>
<doc>Pauses the test executed for the given time.</doc>
<msg timestamp="20220906 21:39:24.002" level="INFO">Slept 5 seconds</msg>
<status status="PASS" starttime="20220906 21:39:19.002" endtime="20220906 21:39:24.002"/>
</kw>
<kw name="Get Location" library="SeleniumLibrary">
<var>${url}</var>
<doc>Returns the current browser window URL.</doc>
<msg timestamp="20220906 21:39:24.008" level="INFO">${url} = https://scouts-test.futbolkolektyw.pl/players/631793d36d240257fe3eb5bb/edit</msg>
<status status="PASS" starttime="20220906 21:39:24.002" endtime="20220906 21:39:24.008"/>
</kw>
<kw name="Should Contain" library="BuiltIn">
<arg>${url}</arg>
<arg>edit</arg>
<doc>Fails if ``container`` does not contain ``item`` one or more times.</doc>
<status status="PASS" starttime="20220906 21:39:24.008" endtime="20220906 21:39:24.008"/>
</kw>
<kw name="Close Browser" library="SeleniumLibrary" type="TEARDOWN">
<doc>Closes the current browser.</doc>
<status status="PASS" starttime="20220906 21:39:24.009" endtime="20220906 21:39:26.254"/>
</kw>
<status status="PASS" starttime="20220906 21:39:11.874" endtime="20220906 21:39:26.254"/>
</test>
<doc>Suite description #automated tests for scout website</doc>
<status status="PASS" starttime="20220906 21:39:11.622" endtime="20220906 21:39:26.255"/>
</suite>
<status status="PASS" starttime="20220906 21:39:11.593" endtime="20220906 21:39:26.257"/>
</suite>
<statistics>
<total>
<stat pass="1" fail="0" skip="0">All Tests</stat>
</total>
<tag>
</tag>
<suite>
<stat pass="1" fail="0" skip="0" id="s1" name="Robotframework">Robotframework</stat>
<stat pass="1" fail="0" skip="0" id="s1-s1" name="Test Login Rf">Robotframework.Test Login Rf</stat>
</suite>
</statistics>
<errors>
</errors>
</robot>
